e:\proyectos\proyecto\quickshop\x64\debug\vc143.pdb
e:\proyectos\proyecto\quickshop\x64\debug\.netframework,version=v4.7.2.assemblyattributes.obj
e:\proyectos\proyecto\quickshop\x64\debug\myform.obj
e:\proyectos\proyecto\quickshop\x64\debug\dashboard.obj
e:\proyectos\proyecto\quickshop\x64\debug\myusercontrol.obj
e:\proyectos\proyecto\quickshop\x64\debug\clientes.obj
e:\proyectos\proyecto\x64\debug\quickshop.exe
e:\proyectos\proyecto\x64\debug\quickshop.pdb
e:\proyectos\proyecto\quickshop\x64\debug\loginoperador.obj
e:\proyectos\proyecto\quickshop\x64\debug\loginoperador1.obj
e:\proyectos\proyecto\quickshop\x64\debug\program.obj
e:\proyectos\proyecto\quickshop\x64\debug\quickshop.tlog\cl.command.1.tlog
e:\proyectos\proyecto\quickshop\x64\debug\quickshop.tlog\cl.items.tlog
e:\proyectos\proyecto\quickshop\x64\debug\quickshop.tlog\cl.read.1.tlog
e:\proyectos\proyecto\quickshop\x64\debug\quickshop.tlog\cl.write.1.tlog
e:\proyectos\proyecto\quickshop\x64\debug\quickshop.tlog\link.command.1.tlog
e:\proyectos\proyecto\quickshop\x64\debug\quickshop.tlog\link.read.1.tlog
e:\proyectos\proyecto\quickshop\x64\debug\quickshop.tlog\link.secondary.1.tlog
e:\proyectos\proyecto\quickshop\x64\debug\quickshop.tlog\link.write.1.tlog
e:\proyectos\proyecto\quickshop\x64\debug\quickshop.tlog\metagen.read.1.tlog
e:\proyectos\proyecto\quickshop\x64\debug\quickshop.tlog\metagen.write.1.tlog
e:\proyectos\proyecto\quickshop\x64\debug\quickshop.tlog\resgen.command.1.tlog
e:\proyectos\proyecto\quickshop\x64\debug\quickshop.tlog\resgen.read.1.tlog
e:\proyectos\proyecto\quickshop\x64\debug\quickshop.tlog\resgen.write.1.tlog
