  Dashboard.cpp
E:\Proyectos\Proyecto\Productos.h(1202,33): warning C4996: 'localtime': This function or variable may be unsafe. Consider using localtime_s instead. To disable deprecation, use _CRT_SECURE_NO_WARNINGS. See online help for details.
  (compilando archivo de origen "Dashboard.cpp")
  
E:\Proyectos\Proyecto\Productos.h(1211,33): warning C4996: 'localtime': This function or variable may be unsafe. Consider using localtime_s instead. To disable deprecation, use _CRT_SECURE_NO_WARNINGS. See online help for details.
  (compilando archivo de origen "Dashboard.cpp")
  
E:\Proyectos\Proyecto\Pagos.h(422,17): warning C4996: 'localtime': This function or variable may be unsafe. Consider using localtime_s instead. To disable deprecation, use _CRT_SECURE_NO_WARNINGS. See online help for details.
  (compilando archivo de origen "Dashboard.cpp")
  
E:\Proyectos\Proyecto\Pagos.h(1487,33): warning C4996: 'localtime': This function or variable may be unsafe. Consider using localtime_s instead. To disable deprecation, use _CRT_SECURE_NO_WARNINGS. See online help for details.
  (compilando archivo de origen "Dashboard.cpp")
  
E:\Proyectos\Proyecto\Pagos.h(1496,33): warning C4996: 'localtime': This function or variable may be unsafe. Consider using localtime_s instead. To disable deprecation, use _CRT_SECURE_NO_WARNINGS. See online help for details.
  (compilando archivo de origen "Dashboard.cpp")
  
E:\Proyectos\Proyecto\Reportes.h(773,33): warning C4996: 'localtime': This function or variable may be unsafe. Consider using localtime_s instead. To disable deprecation, use _CRT_SECURE_NO_WARNINGS. See online help for details.
  (compilando archivo de origen "Dashboard.cpp")
  
E:\Proyectos\Proyecto\Reportes.h(782,33): warning C4996: 'localtime': This function or variable may be unsafe. Consider using localtime_s instead. To disable deprecation, use _CRT_SECURE_NO_WARNINGS. See online help for details.
  (compilando archivo de origen "Dashboard.cpp")
  
E:\Proyectos\Proyecto\Usuarios.h(1057,33): warning C4996: 'localtime': This function or variable may be unsafe. Consider using localtime_s instead. To disable deprecation, use _CRT_SECURE_NO_WARNINGS. See online help for details.
  (compilando archivo de origen "Dashboard.cpp")
  
E:\Proyectos\Proyecto\Usuarios.h(1066,33): warning C4996: 'localtime': This function or variable may be unsafe. Consider using localtime_s instead. To disable deprecation, use _CRT_SECURE_NO_WARNINGS. See online help for details.
  (compilando archivo de origen "Dashboard.cpp")
  
E:\Proyectos\Proyecto\UserClients.h(888,33): warning C4996: 'localtime': This function or variable may be unsafe. Consider using localtime_s instead. To disable deprecation, use _CRT_SECURE_NO_WARNINGS. See online help for details.
  (compilando archivo de origen "Dashboard.cpp")
  
E:\Proyectos\Proyecto\UserClients.h(897,33): warning C4996: 'localtime': This function or variable may be unsafe. Consider using localtime_s instead. To disable deprecation, use _CRT_SECURE_NO_WARNINGS. See online help for details.
  (compilando archivo de origen "Dashboard.cpp")
  
E:\Proyectos\Proyecto\Compras.h(790,41): warning C4244: '=': conversión de 'double' a 'float'; posible pérdida de datos
  (compilando archivo de origen "Dashboard.cpp")
  
E:\Proyectos\Proyecto\Compras.h(874,39): warning C4244: '=': conversión de 'double' a 'float'; posible pérdida de datos
  (compilando archivo de origen "Dashboard.cpp")
  
E:\Proyectos\Proyecto\Compras.h(877,44): warning C4244: '=': conversión de 'double' a 'float'; posible pérdida de datos
  (compilando archivo de origen "Dashboard.cpp")
  
E:\Proyectos\Proyecto\Compras.h(878,41): warning C4244: '=': conversión de 'double' a 'float'; posible pérdida de datos
  (compilando archivo de origen "Dashboard.cpp")
  
E:\Proyectos\Proyecto\Compras.h(953,37): warning C4244: '=': conversión de 'double' a 'float'; posible pérdida de datos
  (compilando archivo de origen "Dashboard.cpp")
  
E:\Proyectos\Proyecto\Compras.h(956,42): warning C4244: '=': conversión de 'double' a 'float'; posible pérdida de datos
  (compilando archivo de origen "Dashboard.cpp")
  
E:\Proyectos\Proyecto\Compras.h(957,39): warning C4244: '=': conversión de 'double' a 'float'; posible pérdida de datos
  (compilando archivo de origen "Dashboard.cpp")
  
E:\Proyectos\Proyecto\Compras.h(1084,33): warning C4996: 'localtime': This function or variable may be unsafe. Consider using localtime_s instead. To disable deprecation, use _CRT_SECURE_NO_WARNINGS. See online help for details.
  (compilando archivo de origen "Dashboard.cpp")
  
E:\Proyectos\Proyecto\Compras.h(1093,33): warning C4996: 'localtime': This function or variable may be unsafe. Consider using localtime_s instead. To disable deprecation, use _CRT_SECURE_NO_WARNINGS. See online help for details.
  (compilando archivo de origen "Dashboard.cpp")
  
E:\Proyectos\Proyecto\Inventary.h(863,33): warning C4996: 'localtime': This function or variable may be unsafe. Consider using localtime_s instead. To disable deprecation, use _CRT_SECURE_NO_WARNINGS. See online help for details.
  (compilando archivo de origen "Dashboard.cpp")
  
E:\Proyectos\Proyecto\Inventary.h(872,33): warning C4996: 'localtime': This function or variable may be unsafe. Consider using localtime_s instead. To disable deprecation, use _CRT_SECURE_NO_WARNINGS. See online help for details.
  (compilando archivo de origen "Dashboard.cpp")
  
  MyForm.cpp
E:\Proyectos\Proyecto\Productos.h(1202,33): warning C4996: 'localtime': This function or variable may be unsafe. Consider using localtime_s instead. To disable deprecation, use _CRT_SECURE_NO_WARNINGS. See online help for details.
  (compilando archivo de origen "MyForm.cpp")
  
E:\Proyectos\Proyecto\Productos.h(1211,33): warning C4996: 'localtime': This function or variable may be unsafe. Consider using localtime_s instead. To disable deprecation, use _CRT_SECURE_NO_WARNINGS. See online help for details.
  (compilando archivo de origen "MyForm.cpp")
  
E:\Proyectos\Proyecto\Pagos.h(422,17): warning C4996: 'localtime': This function or variable may be unsafe. Consider using localtime_s instead. To disable deprecation, use _CRT_SECURE_NO_WARNINGS. See online help for details.
  (compilando archivo de origen "MyForm.cpp")
  
E:\Proyectos\Proyecto\Pagos.h(1487,33): warning C4996: 'localtime': This function or variable may be unsafe. Consider using localtime_s instead. To disable deprecation, use _CRT_SECURE_NO_WARNINGS. See online help for details.
  (compilando archivo de origen "MyForm.cpp")
  
E:\Proyectos\Proyecto\Pagos.h(1496,33): warning C4996: 'localtime': This function or variable may be unsafe. Consider using localtime_s instead. To disable deprecation, use _CRT_SECURE_NO_WARNINGS. See online help for details.
  (compilando archivo de origen "MyForm.cpp")
  
E:\Proyectos\Proyecto\Reportes.h(773,33): warning C4996: 'localtime': This function or variable may be unsafe. Consider using localtime_s instead. To disable deprecation, use _CRT_SECURE_NO_WARNINGS. See online help for details.
  (compilando archivo de origen "MyForm.cpp")
  
E:\Proyectos\Proyecto\Reportes.h(782,33): warning C4996: 'localtime': This function or variable may be unsafe. Consider using localtime_s instead. To disable deprecation, use _CRT_SECURE_NO_WARNINGS. See online help for details.
  (compilando archivo de origen "MyForm.cpp")
  
E:\Proyectos\Proyecto\Usuarios.h(1057,33): warning C4996: 'localtime': This function or variable may be unsafe. Consider using localtime_s instead. To disable deprecation, use _CRT_SECURE_NO_WARNINGS. See online help for details.
  (compilando archivo de origen "MyForm.cpp")
  
E:\Proyectos\Proyecto\Usuarios.h(1066,33): warning C4996: 'localtime': This function or variable may be unsafe. Consider using localtime_s instead. To disable deprecation, use _CRT_SECURE_NO_WARNINGS. See online help for details.
  (compilando archivo de origen "MyForm.cpp")
  
E:\Proyectos\Proyecto\UserClients.h(888,33): warning C4996: 'localtime': This function or variable may be unsafe. Consider using localtime_s instead. To disable deprecation, use _CRT_SECURE_NO_WARNINGS. See online help for details.
  (compilando archivo de origen "MyForm.cpp")
  
E:\Proyectos\Proyecto\UserClients.h(897,33): warning C4996: 'localtime': This function or variable may be unsafe. Consider using localtime_s instead. To disable deprecation, use _CRT_SECURE_NO_WARNINGS. See online help for details.
  (compilando archivo de origen "MyForm.cpp")
  
E:\Proyectos\Proyecto\Compras.h(790,41): warning C4244: '=': conversión de 'double' a 'float'; posible pérdida de datos
  (compilando archivo de origen "MyForm.cpp")
  
E:\Proyectos\Proyecto\Compras.h(874,39): warning C4244: '=': conversión de 'double' a 'float'; posible pérdida de datos
  (compilando archivo de origen "MyForm.cpp")
  
E:\Proyectos\Proyecto\Compras.h(877,44): warning C4244: '=': conversión de 'double' a 'float'; posible pérdida de datos
  (compilando archivo de origen "MyForm.cpp")
  
E:\Proyectos\Proyecto\Compras.h(878,41): warning C4244: '=': conversión de 'double' a 'float'; posible pérdida de datos
  (compilando archivo de origen "MyForm.cpp")
  
E:\Proyectos\Proyecto\Compras.h(953,37): warning C4244: '=': conversión de 'double' a 'float'; posible pérdida de datos
  (compilando archivo de origen "MyForm.cpp")
  
E:\Proyectos\Proyecto\Compras.h(956,42): warning C4244: '=': conversión de 'double' a 'float'; posible pérdida de datos
  (compilando archivo de origen "MyForm.cpp")
  
E:\Proyectos\Proyecto\Compras.h(957,39): warning C4244: '=': conversión de 'double' a 'float'; posible pérdida de datos
  (compilando archivo de origen "MyForm.cpp")
  
E:\Proyectos\Proyecto\Compras.h(1084,33): warning C4996: 'localtime': This function or variable may be unsafe. Consider using localtime_s instead. To disable deprecation, use _CRT_SECURE_NO_WARNINGS. See online help for details.
  (compilando archivo de origen "MyForm.cpp")
  
E:\Proyectos\Proyecto\Compras.h(1093,33): warning C4996: 'localtime': This function or variable may be unsafe. Consider using localtime_s instead. To disable deprecation, use _CRT_SECURE_NO_WARNINGS. See online help for details.
  (compilando archivo de origen "MyForm.cpp")
  
E:\Proyectos\Proyecto\Inventary.h(863,33): warning C4996: 'localtime': This function or variable may be unsafe. Consider using localtime_s instead. To disable deprecation, use _CRT_SECURE_NO_WARNINGS. See online help for details.
  (compilando archivo de origen "MyForm.cpp")
  
E:\Proyectos\Proyecto\Inventary.h(872,33): warning C4996: 'localtime': This function or variable may be unsafe. Consider using localtime_s instead. To disable deprecation, use _CRT_SECURE_NO_WARNINGS. See online help for details.
  (compilando archivo de origen "MyForm.cpp")
  
E:\Proyectos\Proyecto\MyForm.h(508,56): warning C4244: 'argumento': conversión de 'double' a 'int'; posible pérdida de datos
  (compilando archivo de origen "MyForm.cpp")
  
E:\Proyectos\Proyecto\MyForm.cpp(55,38): warning C4829: Parámetros posiblemente incorrectos para la función main. Utilice 'int main(Platform::Array<Platform::String^>^ argv)'
  UserClients.cpp
E:\Proyectos\Proyecto\UserClients.h(888,33): warning C4996: 'localtime': This function or variable may be unsafe. Consider using localtime_s instead. To disable deprecation, use _CRT_SECURE_NO_WARNINGS. See online help for details.
  (compilando archivo de origen "UserClients.cpp")
  
E:\Proyectos\Proyecto\UserClients.h(897,33): warning C4996: 'localtime': This function or variable may be unsafe. Consider using localtime_s instead. To disable deprecation, use _CRT_SECURE_NO_WARNINGS. See online help for details.
  (compilando archivo de origen "UserClients.cpp")
  
  Generando código...
E:\Proyectos\Proyecto\MyForm.h(423,1): warning C4715: 'QuickShop::MyForm::LoginLogicAdmin': no todas las rutas de acceso de control devuelven un valor
E:\Proyectos\Proyecto\MyForm.h(441,1): warning C4715: 'QuickShop::MyForm::LoginLogicOperator': no todas las rutas de acceso de control devuelven un valor
  Catalogo.obj : se encontró un módulo MSIL; vinculación incremental deshabilitada para MSIL; ejecutando vínculo completo
  QuickShop.vcxproj -> E:\Proyectos\Proyecto\x64\Debug\QuickShop.exe
